# JRE version: OpenJDK Runtime Environment (8.0_242-b01) (build 1.8.0_242-release-1644-b01)
# Java VM: OpenJDK 64-Bit Server VM (25.242-b01 mixed mode windows-amd64 compressed oops)
Heap:
 PSYoungGen      total 175616K, used 52318K [0x00000000e0000000, 0x00000000ecb00000, 0x0000000100000000)
  eden space 160768K, 25% used [0x00000000e0000000,0x00000000e278c7f0,0x00000000e9d00000)
  from space 14848K, 79% used [0x00000000e9d00000,0x00000000ea88b150,0x00000000eab80000)
  to   space 20992K, 0% used [0x00000000eb680000,0x00000000eb680000,0x00000000ecb00000)
 ParOldGen       total 133632K, used 31862K [0x00000000a0000000, 0x00000000a8280000, 0x00000000e0000000)
  object space 133632K, 23% used [0x00000000a0000000,0x00000000a1f1db48,0x00000000a8280000)
 Metaspace       used 63302K, capacity 66508K, committed 66816K, reserved 1110016K
  class space    used 8797K, capacity 9439K, committed 9472K, reserved 1048576K
GC Heap History (10 events):
Event: 4.775 GC heap before
{Heap before GC invocations=8 (full 2):
 PSYoungGen      total 114688K, used 98304K [0x00000000e0000000, 0x00000000ebb00000, 0x0000000100000000)
  eden space 98304K, 100% used [0x00000000e0000000,0x00000000e6000000,0x00000000e6000000)
  from space 16384K, 0% used [0x00000000e6000000,0x00000000e6000000,0x00000000e7000000)
  to   space 13824K, 0% used [0x00000000ead80000,0x00000000ead80000,0x00000000ebb00000)
 ParOldGen       total 133632K, used 17669K [0x00000000a0000000, 0x00000000a8280000, 0x00000000e0000000)
  object space 133632K, 13% used [0x00000000a0000000,0x00000000a1141790,0x00000000a8280000)
 Metaspace       used 43926K, capacity 45048K, committed 45184K, reserved 1087488K
  class space    used 5934K, capacity 6266K, committed 6272K, reserved 1048576K
Event: 4.781 GC heap after
Heap after GC invocations=8 (full 2):
 PSYoungGen      total 154112K, used 12613K [0x00000000e0000000, 0x00000000eba00000, 0x0000000100000000)
  eden space 141312K, 0% used [0x00000000e0000000,0x00000000e0000000,0x00000000e8a00000)
  from space 12800K, 98% used [0x00000000ead80000,0x00000000eb9d14e0,0x00000000eba00000)
  to   space 14848K, 0% used [0x00000000e9d00000,0x00000000e9d00000,0x00000000eab80000)
 ParOldGen       total 133632K, used 17677K [0x00000000a0000000, 0x00000000a8280000, 0x00000000e0000000)
  object space 133632K, 13% used [0x00000000a0000000,0x00000000a1143790,0x00000000a8280000)
 Metaspace       used 43926K, capacity 45048K, committed 45184K, reserved 1087488K
  class space    used 5934K, capacity 6266K, committed 6272K, reserved 1048576K
}
Event: 5.813 GC heap before
{Heap before GC invocations=9 (full 2):
 PSYoungGen      total 154112K, used 153925K [0x00000000e0000000, 0x00000000eba00000, 0x0000000100000000)
  eden space 141312K, 100% used [0x00000000e0000000,0x00000000e8a00000,0x00000000e8a00000)
  from space 12800K, 98% used [0x00000000ead80000,0x00000000eb9d14e0,0x00000000eba00000)
  to   space 14848K, 0% used [0x00000000e9d00000,0x00000000e9d00000,0x00000000eab80000)
 ParOldGen       total 133632K, used 17677K [0x00000000a0000000, 0x00000000a8280000, 0x00000000e0000000)
  object space 133632K, 13% used [0x00000000a0000000,0x00000000a1143790,0x00000000a8280000)
 Metaspace       used 55672K, capacity 57410K, committed 57600K, reserved 1099776K
  class space    used 7669K, capacity 8086K, committed 8192K, reserved 1048576K
Event: 5.825 GC heap after
Heap after GC invocations=9 (full 2):
 PSYoungGen      total 156160K, used 14821K [0x00000000e0000000, 0x00000000eba00000, 0x0000000100000000)
  eden space 141312K, 0% used [0x00000000e0000000,0x00000000e0000000,0x00000000e8a00000)
  from space 14848K, 99% used [0x00000000e9d00000,0x00000000eab795a8,0x00000000eab80000)
  to   space 12800K, 0% used [0x00000000ead80000,0x00000000ead80000,0x00000000eba00000)
 ParOldGen       total 133632K, used 25446K [0x00000000a0000000, 0x00000000a8280000, 0x00000000e0000000)
  object space 133632K, 19% used [0x00000000a0000000,0x00000000a18d9880,0x00000000a8280000)
 Metaspace       used 55672K, capacity 57410K, committed 57600K, reserved 1099776K
  class space    used 7669K, capacity 8086K, committed 8192K, reserved 1048576K
}
Event: 6.093 GC heap before
{Heap before GC invocations=10 (full 2):
 PSYoungGen      total 156160K, used 50298K [0x00000000e0000000, 0x00000000eba00000, 0x0000000100000000)
  eden space 141312K, 25% used [0x00000000e0000000,0x00000000e22a5548,0x00000000e8a00000)
  from space 14848K, 99% used [0x00000000e9d00000,0x00000000eab795a8,0x00000000eab80000)
  to   space 12800K, 0% used [0x00000000ead80000,0x00000000ead80000,0x00000000eba00000)
 ParOldGen       total 133632K, used 25446K [0x00000000a0000000, 0x00000000a8280000, 0x00000000e0000000)
  object space 133632K, 19% used [0x00000000a0000000,0x00000000a18d9880,0x00000000a8280000)
 Metaspace       used 57232K, capacity 59096K, committed 59096K, reserved 1099776K
  class space    used 7891K, capacity 8320K, committed 8320K, reserved 1048576K
Event: 6.101 GC heap after
Heap after GC invocations=10 (full 2):
 PSYoungGen      total 154112K, used 12797K [0x00000000e0000000, 0x00000000eba00000, 0x0000000100000000)
  eden space 141312K, 0% used [0x00000000e0000000,0x00000000e0000000,0x00000000e8a00000)
  from space 12800K, 99% used [0x00000000ead80000,0x00000000eb9ff7d0,0x00000000eba00000)
  to   space 14848K, 0% used [0x00000000e9d00000,0x00000000e9d00000,0x00000000eab80000)
 ParOldGen       total 133632K, used 31036K [0x00000000a0000000, 0x00000000a8280000, 0x00000000e0000000)
  object space 133632K, 23% used [0x00000000a0000000,0x00000000a1e4f300,0x00000000a8280000)
 Metaspace       used 57232K, capacity 59096K, committed 59096K, reserved 1099776K
  class space    used 7891K, capacity 8320K, committed 8320K, reserved 1048576K
}
Event: 6.101 GC heap before
{Heap before GC invocations=11 (full 3):
 PSYoungGen      total 154112K, used 12797K [0x00000000e0000000, 0x00000000eba00000, 0x0000000100000000)
  eden space 141312K, 0% used [0x00000000e0000000,0x00000000e0000000,0x00000000e8a00000)
  from space 12800K, 99% used [0x00000000ead80000,0x00000000eb9ff7d0,0x00000000eba00000)
  to   space 14848K, 0% used [0x00000000e9d00000,0x00000000e9d00000,0x00000000eab80000)
 ParOldGen       total 133632K, used 31036K [0x00000000a0000000, 0x00000000a8280000, 0x00000000e0000000)
  object space 133632K, 23% used [0x00000000a0000000,0x00000000a1e4f300,0x00000000a8280000)
 Metaspace       used 57232K, capacity 59096K, committed 59096K, reserved 1099776K
  class space    used 7891K, capacity 8320K, committed 8320K, reserved 1048576K
Event: 6.264 GC heap after
Heap after GC invocations=11 (full 3):
 PSYoungGen      total 154112K, used 0K [0x00000000e0000000, 0x00000000eba00000, 0x0000000100000000)
  eden space 141312K, 0% used [0x00000000e0000000,0x00000000e0000000,0x00000000e8a00000)
  from space 12800K, 0% used [0x00000000ead80000,0x00000000ead80000,0x00000000eba00000)
  to   space 14848K, 0% used [0x00000000e9d00000,0x00000000e9d00000,0x00000000eab80000)
 ParOldGen       total 133632K, used 31854K [0x00000000a0000000, 0x00000000a8280000, 0x00000000e0000000)
  object space 133632K, 23% used [0x00000000a0000000,0x00000000a1f1bb48,0x00000000a8280000)
 Metaspace       used 57214K, capacity 59036K, committed 59096K, reserved 1099776K
  class space    used 7885K, capacity 8310K, committed 8320K, reserved 1048576K
}
Event: 6.906 GC heap before
{Heap before GC invocations=12 (full 3):
 PSYoungGen      total 154112K, used 141312K [0x00000000e0000000, 0x00000000eba00000, 0x0000000100000000)
  eden space 141312K, 100% used [0x00000000e0000000,0x00000000e8a00000,0x00000000e8a00000)
  from space 12800K, 0% used [0x00000000ead80000,0x00000000ead80000,0x00000000eba00000)
  to   space 14848K, 0% used [0x00000000e9d00000,0x00000000e9d00000,0x00000000eab80000)
 ParOldGen       total 133632K, used 31854K [0x00000000a0000000, 0x00000000a8280000, 0x00000000e0000000)
  object space 133632K, 23% used [0x00000000a0000000,0x00000000a1f1bb48,0x00000000a8280000)
 Metaspace       used 62635K, capacity 65672K, committed 65920K, reserved 1105920K
  class space    used 8716K, capacity 9335K, committed 9344K, reserved 1048576K
Event: 6.911 GC heap after
Heap after GC invocations=12 (full 3):
 PSYoungGen      total 175616K, used 11820K [0x00000000e0000000, 0x00000000ecb00000, 0x0000000100000000)
  eden space 160768K, 0% used [0x00000000e0000000,0x00000000e0000000,0x00000000e9d00000)
  from space 14848K, 79% used [0x00000000e9d00000,0x00000000ea88b150,0x00000000eab80000)
  to   space 20992K, 0% used [0x00000000eb680000,0x00000000eb680000,0x00000000ecb00000)
 ParOldGen       total 133632K, used 31862K [0x00000000a0000000, 0x00000000a8280000, 0x00000000e0000000)
  object space 133632K, 23% used [0x00000000a0000000,0x00000000a1f1db48,0x00000000a8280000)
 Metaspace       used 62635K, capacity 65672K, committed 65920K, reserved 1105920K
  class space    used 8716K, capacity 9335K, committed 9344K, reserved 1048576K
}

