# JRE version: OpenJDK Runtime Environment (8.0_242-b01) (build 1.8.0_242-release-1644-b01)
# Java VM: OpenJDK 64-Bit Server VM (25.242-b01 mixed mode windows-amd64 compressed oops)
Heap:
 PSYoungGen      total 176640K, used 18656K [0x00000000e0000000, 0x00000000eeb00000, 0x0000000100000000)
  eden space 161280K, 2% used [0x00000000e0000000,0x00000000e0340018,0x00000000e9d80000)
  from space 15360K, 99% used [0x00000000e9d80000,0x00000000eac780a0,0x00000000eac80000)
  to   space 20480K, 0% used [0x00000000ed700000,0x00000000ed700000,0x00000000eeb00000)
 ParOldGen       total 134656K, used 25079K [0x00000000a0000000, 0x00000000a8380000, 0x00000000e0000000)
  object space 134656K, 18% used [0x00000000a0000000,0x00000000a187de68,0x00000000a8380000)
 Metaspace       used 56030K, capacity 57772K, committed 57856K, reserved 1099776K
  class space    used 7715K, capacity 8151K, committed 8192K, reserved 1048576K
GC Heap History (10 events):
Event: 3.204 GC heap before
{Heap before GC invocations=5 (full 1):
 PSYoungGen      total 114688K, used 98304K [0x00000000e0000000, 0x00000000e8000000, 0x0000000100000000)
  eden space 98304K, 100% used [0x00000000e0000000,0x00000000e6000000,0x00000000e6000000)
  from space 16384K, 0% used [0x00000000e6000000,0x00000000e6000000,0x00000000e7000000)
  to   space 16384K, 0% used [0x00000000e7000000,0x00000000e7000000,0x00000000e8000000)
 ParOldGen       total 134656K, used 8091K [0x00000000a0000000, 0x00000000a8380000, 0x00000000e0000000)
  object space 134656K, 6% used [0x00000000a0000000,0x00000000a07e6c38,0x00000000a8380000)
 Metaspace       used 30373K, capacity 30970K, committed 31232K, reserved 1077248K
  class space    used 4122K, capacity 4340K, committed 4352K, reserved 1048576K
Event: 3.209 GC heap after
Heap after GC invocations=5 (full 1):
 PSYoungGen      total 114688K, used 10771K [0x00000000e0000000, 0x00000000ec180000, 0x0000000100000000)
  eden space 98304K, 0% used [0x00000000e0000000,0x00000000e0000000,0x00000000e6000000)
  from space 16384K, 65% used [0x00000000e7000000,0x00000000e7a84e90,0x00000000e8000000)
  to   space 16384K, 0% used [0x00000000e6000000,0x00000000e6000000,0x00000000e7000000)
 ParOldGen       total 134656K, used 8099K [0x00000000a0000000, 0x00000000a8380000, 0x00000000e0000000)
  object space 134656K, 6% used [0x00000000a0000000,0x00000000a07e8c38,0x00000000a8380000)
 Metaspace       used 30373K, capacity 30970K, committed 31232K, reserved 1077248K
  class space    used 4122K, capacity 4340K, committed 4352K, reserved 1048576K
}
Event: 3.666 GC heap before
{Heap before GC invocations=6 (full 1):
 PSYoungGen      total 114688K, used 107276K [0x00000000e0000000, 0x00000000ec180000, 0x0000000100000000)
  eden space 98304K, 98% used [0x00000000e0000000,0x00000000e5e3e230,0x00000000e6000000)
  from space 16384K, 65% used [0x00000000e7000000,0x00000000e7a84e90,0x00000000e8000000)
  to   space 16384K, 0% used [0x00000000e6000000,0x00000000e6000000,0x00000000e7000000)
 ParOldGen       total 134656K, used 8099K [0x00000000a0000000, 0x00000000a8380000, 0x00000000e0000000)
  object space 134656K, 6% used [0x00000000a0000000,0x00000000a07e8c38,0x00000000a8380000)
 Metaspace       used 34585K, capacity 35454K, committed 35496K, reserved 1079296K
  class space    used 4746K, capacity 4986K, committed 4992K, reserved 1048576K
Event: 3.672 GC heap after
Heap after GC invocations=6 (full 1):
 PSYoungGen      total 114688K, used 11637K [0x00000000e0000000, 0x00000000ebc80000, 0x0000000100000000)
  eden space 98304K, 0% used [0x00000000e0000000,0x00000000e0000000,0x00000000e6000000)
  from space 16384K, 71% used [0x00000000e6000000,0x00000000e6b5d470,0x00000000e7000000)
  to   space 14336K, 0% used [0x00000000eae80000,0x00000000eae80000,0x00000000ebc80000)
 ParOldGen       total 134656K, used 8107K [0x00000000a0000000, 0x00000000a8380000, 0x00000000e0000000)
  object space 134656K, 6% used [0x00000000a0000000,0x00000000a07eac38,0x00000000a8380000)
 Metaspace       used 34585K, capacity 35454K, committed 35496K, reserved 1079296K
  class space    used 4746K, capacity 4986K, committed 4992K, reserved 1048576K
}
Event: 3.672 GC heap before
{Heap before GC invocations=7 (full 2):
 PSYoungGen      total 114688K, used 11637K [0x00000000e0000000, 0x00000000ebc80000, 0x0000000100000000)
  eden space 98304K, 0% used [0x00000000e0000000,0x00000000e0000000,0x00000000e6000000)
  from space 16384K, 71% used [0x00000000e6000000,0x00000000e6b5d470,0x00000000e7000000)
  to   space 14336K, 0% used [0x00000000eae80000,0x00000000eae80000,0x00000000ebc80000)
 ParOldGen       total 134656K, used 8107K [0x00000000a0000000, 0x00000000a8380000, 0x00000000e0000000)
  object space 134656K, 6% used [0x00000000a0000000,0x00000000a07eac38,0x00000000a8380000)
 Metaspace       used 34585K, capacity 35454K, committed 35496K, reserved 1079296K
  class space    used 4746K, capacity 4986K, committed 4992K, reserved 1048576K
Event: 3.704 GC heap after
Heap after GC invocations=7 (full 2):
 PSYoungGen      total 114688K, used 0K [0x00000000e0000000, 0x00000000ebc80000, 0x0000000100000000)
  eden space 98304K, 0% used [0x00000000e0000000,0x00000000e0000000,0x00000000e6000000)
  from space 16384K, 0% used [0x00000000e6000000,0x00000000e6000000,0x00000000e7000000)
  to   space 14336K, 0% used [0x00000000eae80000,0x00000000eae80000,0x00000000ebc80000)
 ParOldGen       total 134656K, used 18377K [0x00000000a0000000, 0x00000000a8380000, 0x00000000e0000000)
  object space 134656K, 13% used [0x00000000a0000000,0x00000000a11f27a8,0x00000000a8380000)
 Metaspace       used 34535K, capacity 35286K, committed 35496K, reserved 1079296K
  class space    used 4731K, capacity 4958K, committed 4992K, reserved 1048576K
}
Event: 4.328 GC heap before
{Heap before GC invocations=8 (full 2):
 PSYoungGen      total 114688K, used 98304K [0x00000000e0000000, 0x00000000ebc80000, 0x0000000100000000)
  eden space 98304K, 100% used [0x00000000e0000000,0x00000000e6000000,0x00000000e6000000)
  from space 16384K, 0% used [0x00000000e6000000,0x00000000e6000000,0x00000000e7000000)
  to   space 14336K, 0% used [0x00000000eae80000,0x00000000eae80000,0x00000000ebc80000)
 ParOldGen       total 134656K, used 18377K [0x00000000a0000000, 0x00000000a8380000, 0x00000000e0000000)
  object space 134656K, 13% used [0x00000000a0000000,0x00000000a11f27a8,0x00000000a8380000)
 Metaspace       used 44403K, capacity 45552K, committed 45824K, reserved 1089536K
  class space    used 5994K, capacity 6322K, committed 6400K, reserved 1048576K
Event: 4.334 GC heap after
Heap after GC invocations=8 (full 2):
 PSYoungGen      total 154112K, used 13260K [0x00000000e0000000, 0x00000000ebb80000, 0x0000000100000000)
  eden space 140800K, 0% used [0x00000000e0000000,0x00000000e0000000,0x00000000e8980000)
  from space 13312K, 99% used [0x00000000eae80000,0x00000000ebb73090,0x00000000ebb80000)
  to   space 15360K, 0% used [0x00000000e9d80000,0x00000000e9d80000,0x00000000eac80000)
 ParOldGen       total 134656K, used 18385K [0x00000000a0000000, 0x00000000a8380000, 0x00000000e0000000)
  object space 134656K, 13% used [0x00000000a0000000,0x00000000a11f47a8,0x00000000a8380000)
 Metaspace       used 44403K, capacity 45552K, committed 45824K, reserved 1089536K
  class space    used 5994K, capacity 6322K, committed 6400K, reserved 1048576K
}
Event: 5.273 GC heap before
{Heap before GC invocations=9 (full 2):
 PSYoungGen      total 154112K, used 154060K [0x00000000e0000000, 0x00000000ebb80000, 0x0000000100000000)
  eden space 140800K, 100% used [0x00000000e0000000,0x00000000e8980000,0x00000000e8980000)
  from space 13312K, 99% used [0x00000000eae80000,0x00000000ebb73090,0x00000000ebb80000)
  to   space 15360K, 0% used [0x00000000e9d80000,0x00000000e9d80000,0x00000000eac80000)
 ParOldGen       total 134656K, used 18385K [0x00000000a0000000, 0x00000000a8380000, 0x00000000e0000000)
  object space 134656K, 13% used [0x00000000a0000000,0x00000000a11f47a8,0x00000000a8380000)
 Metaspace       used 55949K, capacity 57760K, committed 57856K, reserved 1099776K
  class space    used 7707K, capacity 8149K, committed 8192K, reserved 1048576K
Event: 5.284 GC heap after
Heap after GC invocations=9 (full 2):
 PSYoungGen      total 176640K, used 15328K [0x00000000e0000000, 0x00000000eeb00000, 0x0000000100000000)
  eden space 161280K, 0% used [0x00000000e0000000,0x00000000e0000000,0x00000000e9d80000)
  from space 15360K, 99% used [0x00000000e9d80000,0x00000000eac780a0,0x00000000eac80000)
  to   space 20480K, 0% used [0x00000000ed700000,0x00000000ed700000,0x00000000eeb00000)
 ParOldGen       total 134656K, used 25079K [0x00000000a0000000, 0x00000000a8380000, 0x00000000e0000000)
  object space 134656K, 18% used [0x00000000a0000000,0x00000000a187de68,0x00000000a8380000)
 Metaspace       used 55949K, capacity 57760K, committed 57856K, reserved 1099776K
  class space    used 7707K, capacity 8149K, committed 8192K, reserved 1048576K
}

